2026-05-23 02:05:43,059 INFO o.a.j.u.JMeterUtils: Setting Locale to en_EN
2026-05-23 02:05:43,075 INFO o.a.j.JMeter: Loading user properties from: C:\Jmeter\bin\user.properties
2026-05-23 02:05:43,075 INFO o.a.j.JMeter: Loading system properties from: C:\Jmeter\bin\system.properties
2026-05-23 02:05:43,083 INFO o.a.j.JMeter: Copyright (c) 1998-2024 The Apache Software Foundation
2026-05-23 02:05:43,083 INFO o.a.j.JMeter: Version 5.6.3
2026-05-23 02:05:43,083 INFO o.a.j.JMeter: java.version=21.0.9
2026-05-23 02:05:43,083 INFO o.a.j.JMeter: java.vm.name=Java HotSpot(TM) 64-Bit Server VM
2026-05-23 02:05:43,083 INFO o.a.j.JMeter: os.name=Windows 11
2026-05-23 02:05:43,083 INFO o.a.j.JMeter: os.arch=amd64
2026-05-23 02:05:43,083 INFO o.a.j.JMeter: os.version=10.0
2026-05-23 02:05:43,083 INFO o.a.j.JMeter: file.encoding=UTF-8
2026-05-23 02:05:43,083 INFO o.a.j.JMeter: java.awt.headless=true
2026-05-23 02:05:43,083 INFO o.a.j.JMeter: Max memory     =1073741824
2026-05-23 02:05:43,084 INFO o.a.j.JMeter: Available Processors =16
2026-05-23 02:05:43,091 INFO o.a.j.JMeter: Default Locale=English (EN)
2026-05-23 02:05:43,091 INFO o.a.j.JMeter: JMeter  Locale=English (EN)
2026-05-23 02:05:43,091 INFO o.a.j.JMeter: JMeterHome=C:\Jmeter
2026-05-23 02:05:43,091 INFO o.a.j.JMeter: user.dir  =C:\Users\polar\OneDrive\Рабочий стол\ЯПЗТ\lab13\jmeter-performance-testing
2026-05-23 02:05:43,092 INFO o.a.j.JMeter: PWD       =C:\Users\polar\OneDrive\Рабочий стол\ЯПЗТ\lab13\jmeter-performance-testing
2026-05-23 02:05:43,093 INFO o.a.j.JMeter: IP: 192.168.1.89 Name: DESKTOP-BDCIG98 FullName: DESKTOP-BDCIG98
2026-05-23 02:05:43,107 INFO o.a.j.JMeter: Setting property 'jmeter.reportgenerator.outputdir' to:'C:\Users\polar\OneDrive\Рабочий стол\ЯПЗТ\lab13\jmeter-performance-testing\reports\html_report_basic'
2026-05-23 02:05:43,110 INFO o.a.j.s.FileServer: Default base='C:\Users\polar\OneDrive\Рабочий стол\ЯПЗТ\lab13\jmeter-performance-testing'
2026-05-23 02:05:43,111 INFO o.a.j.s.FileServer: Set new base='C:\Users\polar\OneDrive\Рабочий стол\ЯПЗТ\lab13\jmeter-performance-testing\test-plans'
2026-05-23 02:05:43,292 INFO o.a.j.s.SaveService: Testplan (JMX) version: 2.2. Testlog (JTL) version: 2.2
2026-05-23 02:05:43,328 INFO o.a.j.s.SaveService: Using SaveService properties version 5.0
2026-05-23 02:05:43,331 INFO o.a.j.s.SaveService: Using SaveService properties file encoding UTF-8
2026-05-23 02:05:43,335 INFO o.a.j.s.SaveService: Loading file: test-plans\basic_load_test.jmx
2026-05-23 02:05:43,395 INFO o.a.j.p.h.s.HTTPSamplerBase: Parser for text/html is org.apache.jmeter.protocol.http.parser.LagartoBasedHtmlParser
2026-05-23 02:05:43,396 INFO o.a.j.p.h.s.HTTPSamplerBase: Parser for application/xhtml+xml is org.apache.jmeter.protocol.http.parser.LagartoBasedHtmlParser
2026-05-23 02:05:43,396 INFO o.a.j.p.h.s.HTTPSamplerBase: Parser for application/xml is org.apache.jmeter.protocol.http.parser.LagartoBasedHtmlParser
2026-05-23 02:05:43,396 INFO o.a.j.p.h.s.HTTPSamplerBase: Parser for text/xml is org.apache.jmeter.protocol.http.parser.LagartoBasedHtmlParser
2026-05-23 02:05:43,396 INFO o.a.j.p.h.s.HTTPSamplerBase: Parser for text/vnd.wap.wml is org.apache.jmeter.protocol.http.parser.RegexpHTMLParser
2026-05-23 02:05:43,396 INFO o.a.j.p.h.s.HTTPSamplerBase: Parser for text/css is org.apache.jmeter.protocol.http.parser.CssParser
2026-05-23 02:05:43,431 INFO o.a.j.JMeter: Creating summariser <summary>
2026-05-23 02:05:43,435 INFO o.a.j.r.d.ReportGenerator: ReportGenerator will use for Parsing the separator: ','
2026-05-23 02:05:43,435 INFO o.a.j.r.d.ReportGenerator: Will generate report at end of test from  results file: results/results_basic.jtl
2026-05-23 02:05:43,435 INFO o.a.j.r.d.ReportGenerator: Reading report generator properties from: C:\Jmeter\bin\reportgenerator.properties
2026-05-23 02:05:43,450 INFO o.a.j.r.d.ReportGenerator: Merging with JMeter properties
2026-05-23 02:05:43,454 INFO o.a.j.r.c.ReportGeneratorConfiguration: Property 'jmeter.reportgenerator.temp_dir' not found, using default value 'temp' instead.
2026-05-23 02:05:43,457 INFO o.a.j.r.c.ReportGeneratorConfiguration: Property 'jmeter.reportgenerator.apdex_per_transaction' not found, using default value 'null' instead.
2026-05-23 02:05:43,457 INFO o.a.j.r.c.ReportGeneratorConfiguration: apdex_per_transaction is empty, not APDEX per transaction customization
2026-05-23 02:05:43,458 INFO o.a.j.r.c.ReportGeneratorConfiguration: Property 'jmeter.reportgenerator.sample_filter' not found, using default value 'null' instead.
2026-05-23 02:05:43,458 INFO o.a.j.r.c.ReportGeneratorConfiguration: Property 'jmeter.reportgenerator.report_title' not found, using default value 'null' instead.
2026-05-23 02:05:43,458 INFO o.a.j.r.c.ReportGeneratorConfiguration: Property 'jmeter.reportgenerator.start_date' not found, using default value 'null' instead.
2026-05-23 02:05:43,458 INFO o.a.j.r.c.ReportGeneratorConfiguration: Property 'jmeter.reportgenerator.end_date' not found, using default value 'null' instead.
2026-05-23 02:05:43,458 INFO o.a.j.r.c.ReportGeneratorConfiguration: Property 'jmeter.reportgenerator.date_format' not found, using default value 'null' instead.
2026-05-23 02:05:43,459 INFO o.a.j.r.c.ReportGeneratorConfiguration: Will use date range start date: null, end date: null
2026-05-23 02:05:43,463 INFO o.a.j.r.c.ReportGeneratorConfiguration: Property 'jmeter.reportgenerator.graph.totalTPS.exclude_controllers' not found, using default value 'false' instead.
2026-05-23 02:05:43,464 INFO o.a.j.r.c.ReportGeneratorConfiguration: Property 'jmeter.reportgenerator.graph.activeThreadsOverTime.exclude_controllers' not found, using default value 'false' instead.
2026-05-23 02:05:43,464 INFO o.a.j.r.c.ReportGeneratorConfiguration: Property 'jmeter.reportgenerator.graph.timeVsThreads.exclude_controllers' not found, using default value 'false' instead.
2026-05-23 02:05:43,464 INFO o.a.j.r.c.ReportGeneratorConfiguration: Property 'jmeter.reportgenerator.graph.responseTimeDistribution.exclude_controllers' not found, using default value 'false' instead.
2026-05-23 02:05:43,464 INFO o.a.j.r.c.ReportGeneratorConfiguration: Property 'jmeter.reportgenerator.graph.transactionsPerSecond.exclude_controllers' not found, using default value 'false' instead.
2026-05-23 02:05:43,464 INFO o.a.j.r.c.ReportGeneratorConfiguration: Property 'jmeter.reportgenerator.graph.responseTimePercentiles.exclude_controllers' not found, using default value 'false' instead.
2026-05-23 02:05:43,464 INFO o.a.j.r.c.ReportGeneratorConfiguration: Property 'jmeter.reportgenerator.graph.responseTimePercentilesOverTime.exclude_controllers' not found, using default value 'false' instead.
2026-05-23 02:05:43,465 INFO o.a.j.r.c.ReportGeneratorConfiguration: Property 'jmeter.reportgenerator.graph.responseTimesOverTime.exclude_controllers' not found, using default value 'false' instead.
2026-05-23 02:05:43,465 INFO o.a.j.r.c.ReportGeneratorConfiguration: Property 'jmeter.reportgenerator.graph.connectTimeOverTime.exclude_controllers' not found, using default value 'false' instead.
2026-05-23 02:05:43,465 INFO o.a.j.r.c.ReportGeneratorConfiguration: Property 'jmeter.reportgenerator.graph.latenciesOverTime.exclude_controllers' not found, using default value 'false' instead.
2026-05-23 02:05:43,466 INFO o.a.j.r.c.ReportGeneratorConfiguration: Property 'jmeter.reportgenerator.exporter.json.filters_only_sample_series' not found, using default value 'true' instead.
2026-05-23 02:05:43,466 INFO o.a.j.r.c.ReportGeneratorConfiguration: Property 'jmeter.reportgenerator.exporter.json.series_filter' not found, using default value '' instead.
2026-05-23 02:05:43,466 INFO o.a.j.r.c.ReportGeneratorConfiguration: Property 'jmeter.reportgenerator.exporter.json.show_controllers_only' not found, using default value 'false' instead.
2026-05-23 02:05:43,467 INFO o.a.j.r.c.ReportGeneratorConfiguration: Property 'jmeter.reportgenerator.exporter.html.filters_only_sample_series' not found, using default value 'true' instead.
2026-05-23 02:05:43,467 INFO o.a.j.r.c.ReportGeneratorConfiguration: Property 'jmeter.reportgenerator.exporter.html.series_filter' not found, using default value '' instead.
2026-05-23 02:05:43,467 INFO o.a.j.r.c.ReportGeneratorConfiguration: Property 'jmeter.reportgenerator.exporter.html.show_controllers_only' not found, using default value 'false' instead.
2026-05-23 02:05:43,482 INFO o.a.j.e.StandardJMeterEngine: Running the test!
2026-05-23 02:05:43,483 INFO o.a.j.s.SampleEvent: List of sample_variables: []
2026-05-23 02:05:43,483 INFO o.a.j.s.SampleEvent: List of sample_variables: []
2026-05-23 02:05:43,487 INFO o.a.j.e.u.CompoundVariable: Note: Function class names must contain the string: '.functions.'
2026-05-23 02:05:43,487 INFO o.a.j.e.u.CompoundVariable: Note: Function class names must not contain the string: '.gui.'
2026-05-23 02:05:43,545 INFO o.a.j.r.ClassFinder: Will scan jar C:\Jmeter\lib\ext\jmeter-plugins-casutg-3.1.1.jar with filter ExtendsClassFilter [parents=[interface org.apache.jmeter.functions.Function], inner=false, contains=null, notContains=null]. Consider exposing JMeter plugins via META-INF/services, and add JMeter-Skip-Class-Scanning=true manifest attribute so JMeter can skip classfile scanning
2026-05-23 02:05:43,556 INFO o.a.j.r.ClassFinder: Will scan jar C:\Jmeter\lib\ext\jmeter-plugins-fifo-0.2.jar with filter ExtendsClassFilter [parents=[interface org.apache.jmeter.functions.Function], inner=false, contains=null, notContains=null]. Consider exposing JMeter plugins via META-INF/services, and add JMeter-Skip-Class-Scanning=true manifest attribute so JMeter can skip classfile scanning
2026-05-23 02:05:43,561 INFO o.a.j.r.ClassFinder: Will scan jar C:\Jmeter\lib\ext\jmeter-plugins-functions-2.2.jar with filter ExtendsClassFilter [parents=[interface org.apache.jmeter.functions.Function], inner=false, contains=null, notContains=null]. Consider exposing JMeter plugins via META-INF/services, and add JMeter-Skip-Class-Scanning=true manifest attribute so JMeter can skip classfile scanning
2026-05-23 02:05:43,564 INFO o.a.j.r.ClassFinder: Will scan jar C:\Jmeter\lib\ext\jmeter-plugins-ffw-2.0.jar with filter ExtendsClassFilter [parents=[interface org.apache.jmeter.functions.Function], inner=false, contains=null, notContains=null]. Consider exposing JMeter plugins via META-INF/services, and add JMeter-Skip-Class-Scanning=true manifest attribute so JMeter can skip classfile scanning
2026-05-23 02:05:43,567 INFO o.a.j.r.ClassFinder: Will scan jar C:\Jmeter\lib\ext\jmeter-plugins-manager-1.12.jar with filter ExtendsClassFilter [parents=[interface org.apache.jmeter.functions.Function], inner=false, contains=null, notContains=null]. Consider exposing JMeter plugins via META-INF/services, and add JMeter-Skip-Class-Scanning=true manifest attribute so JMeter can skip classfile scanning
2026-05-23 02:05:43,658 INFO o.a.j.r.ClassFinder: Will scan jar C:\Jmeter\lib\ext\jmeter-plugins-dummy-0.4.jar with filter ExtendsClassFilter [parents=[interface org.apache.jmeter.functions.Function], inner=false, contains=null, notContains=null]. Consider exposing JMeter plugins via META-INF/services, and add JMeter-Skip-Class-Scanning=true manifest attribute so JMeter can skip classfile scanning
2026-05-23 02:05:43,661 INFO o.a.j.r.ClassFinder: Will scan jar C:\Jmeter\lib\ext\jmeter-plugins-graphs-basic-2.0.jar with filter ExtendsClassFilter [parents=[interface org.apache.jmeter.functions.Function], inner=false, contains=null, notContains=null]. Consider exposing JMeter plugins via META-INF/services, and add JMeter-Skip-Class-Scanning=true manifest attribute so JMeter can skip classfile scanning
2026-05-23 02:05:43,664 INFO o.a.j.r.ClassFinder: Will scan jar C:\Jmeter\lib\ext\jmeter-plugins-tst-2.6.jar with filter ExtendsClassFilter [parents=[interface org.apache.jmeter.functions.Function], inner=false, contains=null, notContains=null]. Consider exposing JMeter plugins via META-INF/services, and add JMeter-Skip-Class-Scanning=true manifest attribute so JMeter can skip classfile scanning
2026-05-23 02:05:43,667 INFO o.a.j.r.ClassFinder: Will scan jar C:\Jmeter\lib\ext\jmeter-plugins-perfmon-2.1.jar with filter ExtendsClassFilter [parents=[interface org.apache.jmeter.functions.Function], inner=false, contains=null, notContains=null]. Consider exposing JMeter plugins via META-INF/services, and add JMeter-Skip-Class-Scanning=true manifest attribute so JMeter can skip classfile scanning
2026-05-23 02:05:43,678 INFO o.a.j.t.TestPlan: added C:\Users\polar\OneDrive\Рабочий стол\ЯПЗТ\lab13\jmeter-performance-testing\test-plans to classpath
2026-05-23 02:05:43,686 INFO o.a.j.JMeter: Running test (1779491143686)
2026-05-23 02:05:43,702 INFO o.a.j.e.StandardJMeterEngine: Starting ThreadGroup: 1 : Thread Group
2026-05-23 02:05:43,703 INFO o.a.j.e.StandardJMeterEngine: Starting 10 threads for group Thread Group.
2026-05-23 02:05:43,703 INFO o.a.j.e.StandardJMeterEngine: Thread will continue on error
2026-05-23 02:05:43,703 INFO o.a.j.t.ThreadGroup: Starting thread group... number=1 threads=10 ramp-up=5 delayedStart=false
2026-05-23 02:05:43,709 INFO o.a.j.t.JMeterThread: Thread started: Thread Group 1-1
2026-05-23 02:05:43,711 INFO o.a.j.t.ThreadGroup: Started thread group number 1
2026-05-23 02:05:43,711 INFO o.a.j.e.StandardJMeterEngine: All thread groups have been started
2026-05-23 02:05:43,723 INFO o.a.j.p.h.s.HTTPHCAbstractImpl: Local host = DESKTOP-BDCIG98
2026-05-23 02:05:43,728 INFO o.a.j.p.h.s.HTTPHC4Impl: HTTP request retry count = 0
2026-05-23 02:05:43,729 INFO o.a.j.s.SampleResult: Note: Sample TimeStamps are START times
2026-05-23 02:05:43,729 INFO o.a.j.s.SampleResult: sampleresult.default.encoding is set to UTF-8
2026-05-23 02:05:43,730 INFO o.a.j.s.SampleResult: sampleresult.useNanoTime=true
2026-05-23 02:05:43,730 INFO o.a.j.s.SampleResult: sampleresult.nanoThreadSleep=5000
2026-05-23 02:05:43,866 INFO o.a.j.p.h.s.h.LazyLayeredConnectionSocketFactory: Setting up HTTPS TrustAll Socket Factory
2026-05-23 02:05:43,876 INFO o.a.j.u.JsseSSLManager: Using default SSL protocol: TLS
2026-05-23 02:05:43,876 INFO o.a.j.u.JsseSSLManager: SSL session context: per-thread
2026-05-23 02:05:44,081 INFO o.a.j.u.SSLManager: JmeterKeyStore Location:  type JKS
2026-05-23 02:05:44,084 INFO o.a.j.u.SSLManager: KeyStore created OK
2026-05-23 02:05:44,084 WARN o.a.j.u.SSLManager: Keystore file not found, loading empty keystore
2026-05-23 02:05:44,209 INFO o.a.j.t.JMeterThread: Thread started: Thread Group 1-2
2026-05-23 02:05:44,709 INFO o.a.j.t.JMeterThread: Thread started: Thread Group 1-3
2026-05-23 02:05:45,196 INFO o.a.j.t.JMeterThread: Thread is done: Thread Group 1-1
2026-05-23 02:05:45,197 INFO o.a.j.t.JMeterThread: Thread finished: Thread Group 1-1
2026-05-23 02:05:45,210 INFO o.a.j.t.JMeterThread: Thread started: Thread Group 1-4
2026-05-23 02:05:45,279 INFO o.a.j.t.JMeterThread: Thread is done: Thread Group 1-2
2026-05-23 02:05:45,281 INFO o.a.j.t.JMeterThread: Thread finished: Thread Group 1-2
2026-05-23 02:05:45,707 INFO o.a.j.t.JMeterThread: Thread started: Thread Group 1-5
2026-05-23 02:05:45,766 INFO o.a.j.t.JMeterThread: Thread is done: Thread Group 1-3
2026-05-23 02:05:45,766 INFO o.a.j.t.JMeterThread: Thread finished: Thread Group 1-3
2026-05-23 02:05:46,208 INFO o.a.j.t.JMeterThread: Thread started: Thread Group 1-6
2026-05-23 02:05:46,254 INFO o.a.j.t.JMeterThread: Thread is done: Thread Group 1-4
2026-05-23 02:05:46,255 INFO o.a.j.t.JMeterThread: Thread finished: Thread Group 1-4
2026-05-23 02:05:46,707 INFO o.a.j.t.JMeterThread: Thread started: Thread Group 1-7
2026-05-23 02:05:46,784 INFO o.a.j.t.JMeterThread: Thread is done: Thread Group 1-5
2026-05-23 02:05:46,784 INFO o.a.j.t.JMeterThread: Thread finished: Thread Group 1-5
2026-05-23 02:05:47,210 INFO o.a.j.t.JMeterThread: Thread started: Thread Group 1-8
2026-05-23 02:05:47,265 INFO o.a.j.t.JMeterThread: Thread is done: Thread Group 1-6
2026-05-23 02:05:47,266 INFO o.a.j.t.JMeterThread: Thread finished: Thread Group 1-6
2026-05-23 02:05:47,706 INFO o.a.j.t.JMeterThread: Thread started: Thread Group 1-9
2026-05-23 02:05:47,736 INFO o.a.j.t.JMeterThread: Thread is done: Thread Group 1-7
2026-05-23 02:05:47,737 INFO o.a.j.t.JMeterThread: Thread finished: Thread Group 1-7
2026-05-23 02:05:48,221 INFO o.a.j.t.JMeterThread: Thread started: Thread Group 1-10
2026-05-23 02:05:48,237 INFO o.a.j.t.JMeterThread: Thread is done: Thread Group 1-8
2026-05-23 02:05:48,237 INFO o.a.j.t.JMeterThread: Thread finished: Thread Group 1-8
2026-05-23 02:05:48,678 INFO o.a.j.t.JMeterThread: Thread is done: Thread Group 1-9
2026-05-23 02:05:48,678 INFO o.a.j.t.JMeterThread: Thread finished: Thread Group 1-9
2026-05-23 02:05:49,209 INFO o.a.j.t.JMeterThread: Thread is done: Thread Group 1-10
2026-05-23 02:05:49,209 INFO o.a.j.t.JMeterThread: Thread finished: Thread Group 1-10
2026-05-23 02:05:49,213 INFO o.a.j.e.StandardJMeterEngine: Notifying test listeners of end of test
2026-05-23 02:05:49,224 INFO o.a.j.r.Summariser: summary =     50 in 00:00:06 =    9.0/s Avg:   212 Min:   117 Max:   872 Err:     0 (0.00%)
2026-05-23 02:05:49,226 INFO o.a.j.JMeter: Generating Dashboard
2026-05-23 02:05:49,226 INFO o.a.j.r.d.ReportGenerator: Flushing result collector before report Generation
2026-05-23 02:05:49,243 INFO o.a.j.r.p.NormalizerSampleConsumer: Using format, 'ms', to parse timeStamp field
2026-05-23 02:05:49,320 INFO o.a.j.r.p.AbstractSampleConsumer: class org.apache.jmeter.report.processor.AggregateConsumer#stopProducing(): beginDate produced 0 samples
2026-05-23 02:05:49,320 INFO o.a.j.r.p.AbstractSampleConsumer: class org.apache.jmeter.report.processor.AggregateConsumer#stopProducing(): endDate produced 0 samples
2026-05-23 02:05:49,323 INFO o.a.j.r.p.AbstractSampleConsumer: class org.apache.jmeter.report.processor.ApdexSummaryConsumer#stopProducing(): apdexSummary produced 0 samples
2026-05-23 02:05:49,323 INFO o.a.j.r.p.AbstractSampleConsumer: class org.apache.jmeter.report.processor.RequestsSummaryConsumer#stopProducing(): requestsSummary produced 0 samples
2026-05-23 02:05:49,327 INFO o.a.j.r.p.AbstractSampleConsumer: class org.apache.jmeter.report.processor.StatisticsSummaryConsumer#stopProducing(): statisticsSummary produced 0 samples
2026-05-23 02:05:49,329 INFO o.a.j.r.p.AbstractSampleConsumer: class org.apache.jmeter.report.processor.Top5ErrorsBySamplerConsumer#stopProducing(): top5ErrorsBySampler produced 0 samples
2026-05-23 02:05:49,329 INFO o.a.j.r.p.AbstractSampleConsumer: class org.apache.jmeter.report.processor.ErrorsSummaryConsumer#stopProducing(): errorsSummary produced 0 samples
2026-05-23 02:05:49,329 INFO o.a.j.r.p.AbstractSampleConsumer: class org.apache.jmeter.report.processor.graph.impl.HitsPerSecondGraphConsumer#stopProducing(): hitsPerSecond produced 0 samples
2026-05-23 02:05:49,346 INFO o.a.j.r.p.AbstractSampleConsumer: class org.apache.jmeter.report.processor.graph.impl.LatencyVSRequestGraphConsumer#stopProducing(): latencyVsRequest produced 0 samples
2026-05-23 02:05:49,346 INFO o.a.j.r.p.AbstractSampleConsumer: class org.apache.jmeter.report.processor.graph.impl.SyntheticResponseTimeDistributionGraphConsumer#stopProducing(): syntheticResponseTimeDistribution produced 0 samples
2026-05-23 02:05:49,347 INFO o.a.j.r.p.AbstractSampleConsumer: class org.apache.jmeter.report.processor.graph.impl.BytesThroughputGraphConsumer#stopProducing(): bytesThroughputOverTime produced 0 samples
2026-05-23 02:05:49,347 INFO o.a.j.r.p.AbstractSampleConsumer: class org.apache.jmeter.report.processor.graph.impl.CodesPerSecondGraphConsumer#stopProducing(): codesPerSecond produced 0 samples
2026-05-23 02:05:49,352 INFO o.a.j.r.p.AbstractSampleConsumer: class org.apache.jmeter.report.processor.graph.impl.ResponseTimeVSRequestGraphConsumer#stopProducing(): responseTimeVsRequest produced 0 samples
2026-05-23 02:05:49,352 INFO o.a.j.r.p.AbstractSampleConsumer: class org.apache.jmeter.report.processor.FilterConsumer#stopProducing(): startIntervalControlerFilter produced 350 samples
2026-05-23 02:05:49,352 INFO o.a.j.r.p.AbstractSampleConsumer: class org.apache.jmeter.report.processor.graph.impl.TotalTPSGraphConsumer#stopProducing(): totalTPS produced 0 samples
2026-05-23 02:05:49,352 INFO o.a.j.r.p.AbstractSampleConsumer: class org.apache.jmeter.report.processor.graph.impl.ActiveThreadsGraphConsumer#stopProducing(): activeThreadsOverTime produced 0 samples
2026-05-23 02:05:49,352 INFO o.a.j.r.p.AbstractSampleConsumer: class org.apache.jmeter.report.processor.graph.impl.TimeVSThreadGraphConsumer#stopProducing(): timeVsThreads produced 0 samples
2026-05-23 02:05:49,353 INFO o.a.j.r.p.AbstractSampleConsumer: class org.apache.jmeter.report.processor.graph.impl.ResponseTimeDistributionGraphConsumer#stopProducing(): responseTimeDistribution produced 0 samples
2026-05-23 02:05:49,353 INFO o.a.j.r.p.AbstractSampleConsumer: class org.apache.jmeter.report.processor.graph.impl.TransactionsPerSecondGraphConsumer#stopProducing(): transactionsPerSecond produced 0 samples
2026-05-23 02:05:49,353 INFO o.a.j.r.p.AbstractSampleConsumer: class org.apache.jmeter.report.processor.graph.impl.ResponseTimePercentilesGraphConsumer#stopProducing(): responseTimePercentiles produced 0 samples
2026-05-23 02:05:49,354 INFO o.a.j.r.p.AbstractSampleConsumer: class org.apache.jmeter.report.processor.graph.impl.ResponseTimePercentilesOverTimeGraphConsumer#stopProducing(): responseTimePercentilesOverTime produced 0 samples
2026-05-23 02:05:49,354 INFO o.a.j.r.p.AbstractSampleConsumer: class org.apache.jmeter.report.processor.graph.impl.ResponseTimeOverTimeGraphConsumer#stopProducing(): responseTimesOverTime produced 0 samples
2026-05-23 02:05:49,354 INFO o.a.j.r.p.AbstractSampleConsumer: class org.apache.jmeter.report.processor.graph.impl.ConnectTimeOverTimeGraphConsumer#stopProducing(): connectTimeOverTime produced 0 samples
2026-05-23 02:05:49,354 INFO o.a.j.r.p.AbstractSampleConsumer: class org.apache.jmeter.report.processor.graph.impl.LatencyOverTimeGraphConsumer#stopProducing(): latenciesOverTime produced 0 samples
2026-05-23 02:05:49,354 INFO o.a.j.r.p.AbstractSampleConsumer: class org.apache.jmeter.report.processor.FilterConsumer#stopProducing(): nameFilter produced 750 samples
2026-05-23 02:05:49,355 INFO o.a.j.r.p.AbstractSampleConsumer: class org.apache.jmeter.report.processor.FilterConsumer#stopProducing(): dateRangeFilter produced 150 samples
2026-05-23 02:05:49,355 INFO o.a.j.r.p.AbstractSampleConsumer: class org.apache.jmeter.report.processor.NormalizerSampleConsumer#stopProducing(): normalizer produced 50 samples
2026-05-23 02:05:49,355 INFO o.a.j.r.p.CsvFileSampleSource: produce(): 50 samples produced in 88ms on channel 0
2026-05-23 02:05:49,355 INFO o.a.j.r.d.ReportGenerator: Exporting data using exporter:'json' of className:'org.apache.jmeter.report.dashboard.JsonExporter'
2026-05-23 02:05:49,421 INFO o.a.j.r.d.JsonExporter: Found data for consumer statisticsSummary in context
2026-05-23 02:05:49,421 INFO o.a.j.r.d.JsonExporter: Creating statistics for overall
2026-05-23 02:05:49,421 INFO o.a.j.r.d.JsonExporter: Creating statistics for other transactions
2026-05-23 02:05:49,422 INFO o.a.j.r.d.JsonExporter: Checking output folder
2026-05-23 02:05:49,422 INFO o.a.j.r.d.JsonExporter: Writing statistics JSON to C:\Users\polar\OneDrive\Рабочий стол\ЯПЗТ\lab13\jmeter-performance-testing\reports\html_report_basic\statistics.json
2026-05-23 02:05:49,467 INFO o.a.j.r.d.ReportGenerator: Exporting data using exporter:'html' of className:'org.apache.jmeter.report.dashboard.HtmlTemplateExporter'
2026-05-23 02:05:49,469 INFO o.a.j.r.d.HtmlTemplateExporter: Will generate dashboard in folder: C:\Users\polar\OneDrive\Рабочий стол\ЯПЗТ\lab13\jmeter-performance-testing\reports\html_report_basic
2026-05-23 02:05:49,581 INFO o.a.j.r.d.HtmlTemplateExporter: Report will be generated in: C:\Users\polar\OneDrive\Рабочий стол\ЯПЗТ\lab13\jmeter-performance-testing\reports\html_report_basic, creating folder structure
2026-05-23 02:05:49,582 INFO o.a.j.r.d.TemplateVisitor: Copying folder from 'C:\Jmeter\bin\report-template' to 'C:\Users\polar\OneDrive\Рабочий стол\ЯПЗТ\lab13\jmeter-performance-testing\reports\html_report_basic', got message: C:\Users\polar\OneDrive\Рабочий стол\ЯПЗТ\lab13\jmeter-performance-testing\reports\html_report_basic, found non empty folder with following content [C:\Users\polar\OneDrive\Рабочий стол\ЯПЗТ\lab13\jmeter-performance-testing\reports\html_report_basic\statistics.json], will be ignored
2026-05-23 02:05:50,098 INFO o.a.j.JMeter: Dashboard generated
